[09/07/2022 00:58:25] Debug: Session id: c50cca2e-705a-4c40-9abd-6cd619371023
[09/07/2022 00:58:25] Debug: Code Processor information: Name :SnowConvert, Version: 9.0.11.0
[09/07/2022 00:58:26] Debug: Getting license
[09/07/2022 00:58:26] Debug: License information
	Status: Failed
	Message: No active license available.
[09/07/2022 00:58:26] Info: Starting to validate parameters
[09/07/2022 00:58:26] Info: Parameters to validate: 
	Execution mode: Conversion
	LICENSE_KEY: a3372138-b87e-4a08-b929-3b48b24c63f1
[09/07/2022 00:58:26] Info: Validation of parameters: Success
[09/07/2022 00:58:26] Debug: Getting code descriptor
[09/07/2022 00:58:26] Debug: Code descriptor information
	Units: 51
	Units type: LOC
	All file bytes: 2141
	All found extensions: .sql,.dml,.ddl,.bteq,.btq,.fl,.fload,.ml,.mload,.mld,.tp,.tpump,.tpt
[09/07/2022 00:58:26] Debug: Calculating fingerprint
[09/07/2022 00:58:26] Debug: Fingerprint information Fingerprint(size=2141,projects=1)
[09/07/2022 00:58:26] Info: Starting to try to validate online license for execution
[09/07/2022 00:58:27] Debug: Getting license
[09/07/2022 00:58:27] Debug: License information
	Status: Failed
	Message: No active license available.
[09/07/2022 00:58:27] Debug: Starting the execution of the controller
[09/07/2022 00:58:28] Debug: Executing the worker: SnowConvert
[09/07/2022 00:58:39] Debug: Finished executing the worker: SnowConvert
[09/07/2022 00:58:41] Info: Controller execution ended
